e:\rnd\current_projects\musawwir\frameworks\sw\musawwir_sw_vs\object_detector\x64\release\vc140.pdb
e:\rnd\current_projects\musawwir\frameworks\sw\musawwir_sw_vs\object_detector\x64\release\svm_learn.obj
e:\rnd\current_projects\musawwir\frameworks\sw\musawwir_sw_vs\object_detector\x64\release\svm_hideo.obj
e:\rnd\current_projects\musawwir\frameworks\sw\musawwir_sw_vs\object_detector\x64\release\svm_common.obj
e:\rnd\current_projects\musawwir\frameworks\sw\musawwir_sw_vs\object_detector\x64\release\svm_classify.obj
e:\rnd\current_projects\musawwir\frameworks\sw\musawwir_sw_vs\object_detector\x64\release\twod_filters.obj
e:\rnd\current_projects\musawwir\frameworks\sw\musawwir_sw_vs\object_detector\x64\release\svm_interface.obj
e:\rnd\current_projects\musawwir\frameworks\sw\musawwir_sw_vs\object_detector\x64\release\nms.obj
e:\rnd\current_projects\musawwir\frameworks\sw\musawwir_sw_vs\object_detector\x64\release\main.obj
e:\rnd\current_projects\musawwir\frameworks\sw\musawwir_sw_vs\object_detector\x64\release\image_utilities.obj
e:\rnd\current_projects\musawwir\frameworks\sw\musawwir_sw_vs\object_detector\x64\release\hsg_hik.obj
e:\rnd\current_projects\musawwir\frameworks\sw\musawwir_sw_vs\object_detector\x64\release\hog_retrained_demo.obj
e:\rnd\current_projects\musawwir\frameworks\sw\musawwir_sw_vs\object_detector\x64\release\hog_mod.obj
e:\rnd\current_projects\musawwir\frameworks\sw\musawwir_sw_vs\object_detector\x64\release\defines.obj
e:\rnd\current_projects\musawwir\frameworks\sw\musawwir_sw_vs\object_detector\x64\release\dataset_tests.obj
e:\rnd\current_projects\musawwir\frameworks\sw\musawwir_sw_vs\object_detector\x64\release\dataset_trainings.obj
e:\rnd\current_projects\musawwir\frameworks\sw\musawwir_sw_vs\x64\release\object_detector.exe
e:\rnd\current_projects\musawwir\frameworks\sw\musawwir_sw_vs\x64\release\object_detector.ipdb
e:\rnd\current_projects\musawwir\frameworks\sw\musawwir_sw_vs\x64\release\object_detector.iobj
e:\rnd\current_projects\musawwir\frameworks\sw\musawwir_sw_vs\x64\release\object_detector.pdb
e:\rnd\current_projects\musawwir\frameworks\sw\musawwir_sw_vs\object_detector\x64\release\object_detector.tlog\cl.command.1.tlog
e:\rnd\current_projects\musawwir\frameworks\sw\musawwir_sw_vs\object_detector\x64\release\object_detector.tlog\cl.read.1.tlog
e:\rnd\current_projects\musawwir\frameworks\sw\musawwir_sw_vs\object_detector\x64\release\object_detector.tlog\cl.write.1.tlog
e:\rnd\current_projects\musawwir\frameworks\sw\musawwir_sw_vs\object_detector\x64\release\object_detector.tlog\link.command.1.tlog
e:\rnd\current_projects\musawwir\frameworks\sw\musawwir_sw_vs\object_detector\x64\release\object_detector.tlog\link.read.1.tlog
e:\rnd\current_projects\musawwir\frameworks\sw\musawwir_sw_vs\object_detector\x64\release\object_detector.tlog\link.write.1.tlog
