cl : Command line warning D9002: ignoring unknown option '/arch:SSE2'
  Dataset_Trainings.cpp
e:\rnd\current_projects\musawwir\frameworks\sw\musawwir_sw_vs\object_detector\src\HSG_HIK.h(64): warning C4244: 'initializing': conversion from 'double' to 'float', possible loss of data
src\Dataset_Trainings.cpp(57): warning C4244: 'argument': conversion from 'time_t' to 'unsigned int', possible loss of data
src\Dataset_Trainings.cpp(38): warning C4996: 'mkdir': The POSIX name for this item is deprecated. Instead, use the ISO C and C++ conformant name: _mkdir. See online help for details.
  C:\Program Files (x86)\Windows Kits\10\Include\10.0.10240.0\ucrt\direct.h(108): note: see declaration of 'mkdir'
src\Dataset_Trainings.cpp(70): warning C4996: 'sprintf': This function or variable may be unsafe. Consider using sprintf_s instead. To disable deprecation, use _CRT_SECURE_NO_WARNINGS. See online help for details.
  C:\Program Files (x86)\Windows Kits\10\Include\10.0.10240.0\ucrt\stdio.h(1769): note: see declaration of 'sprintf'
src\Dataset_Trainings.cpp(84): warning C4129: 'P': unrecognized character escape sequence
src\Dataset_Trainings.cpp(85): warning C4996: 'mkdir': The POSIX name for this item is deprecated. Instead, use the ISO C and C++ conformant name: _mkdir. See online help for details.
  C:\Program Files (x86)\Windows Kits\10\Include\10.0.10240.0\ucrt\direct.h(108): note: see declaration of 'mkdir'
src\Dataset_Trainings.cpp(101): warning C4996: 'sprintf': This function or variable may be unsafe. Consider using sprintf_s instead. To disable deprecation, use _CRT_SECURE_NO_WARNINGS. See online help for details.
  C:\Program Files (x86)\Windows Kits\10\Include\10.0.10240.0\ucrt\stdio.h(1769): note: see declaration of 'sprintf'
src\Dataset_Trainings.cpp(144): warning C4244: '=': conversion from 'double' to 'float', possible loss of data
src\Dataset_Trainings.cpp(143): warning C4102: 'bootstrap_stg_1': unreferenced label
src\Dataset_Trainings.cpp(159): warning C4102: 'bootstrap_stg_2': unreferenced label
src\Dataset_Trainings.cpp(176): warning C4102: 'bootstrap_stg_3': unreferenced label
src\Dataset_Trainings.cpp(195): warning C4102: 'bootstrap_stg_4': unreferenced label
src\Dataset_Trainings.cpp(212): warning C4996: 'sprintf': This function or variable may be unsafe. Consider using sprintf_s instead. To disable deprecation, use _CRT_SECURE_NO_WARNINGS. See online help for details.
  C:\Program Files (x86)\Windows Kits\10\Include\10.0.10240.0\ucrt\stdio.h(1769): note: see declaration of 'sprintf'
src\Dataset_Trainings.cpp(289): warning C4267: '+=': conversion from 'size_t' to 'int', possible loss of data
src\Dataset_Trainings.cpp(290): warning C4244: '=': conversion from 'double' to 'float', possible loss of data
src\Dataset_Trainings.cpp(286): warning C4996: 'sprintf': This function or variable may be unsafe. Consider using sprintf_s instead. To disable deprecation, use _CRT_SECURE_NO_WARNINGS. See online help for details.
  C:\Program Files (x86)\Windows Kits\10\Include\10.0.10240.0\ucrt\stdio.h(1769): note: see declaration of 'sprintf'
src\Dataset_Trainings.cpp(406): warning C4996: 'sprintf': This function or variable may be unsafe. Consider using sprintf_s instead. To disable deprecation, use _CRT_SECURE_NO_WARNINGS. See online help for details.
  C:\Program Files (x86)\Windows Kits\10\Include\10.0.10240.0\ucrt\stdio.h(1769): note: see declaration of 'sprintf'
src\Dataset_Trainings.cpp(411): warning C4996: 'strtok': This function or variable may be unsafe. Consider using strtok_s instead. To disable deprecation, use _CRT_SECURE_NO_WARNINGS. See online help for details.
  C:\Program Files (x86)\Windows Kits\10\Include\10.0.10240.0\ucrt\string.h(453): note: see declaration of 'strtok'
src\Dataset_Trainings.cpp(412): warning C4996: 'strtok': This function or variable may be unsafe. Consider using strtok_s instead. To disable deprecation, use _CRT_SECURE_NO_WARNINGS. See online help for details.
  C:\Program Files (x86)\Windows Kits\10\Include\10.0.10240.0\ucrt\string.h(453): note: see declaration of 'strtok'
src\Dataset_Trainings.cpp(413): warning C4996: 'strtok': This function or variable may be unsafe. Consider using strtok_s instead. To disable deprecation, use _CRT_SECURE_NO_WARNINGS. See online help for details.
  C:\Program Files (x86)\Windows Kits\10\Include\10.0.10240.0\ucrt\string.h(453): note: see declaration of 'strtok'
src\Dataset_Trainings.cpp(414): warning C4996: 'strtok': This function or variable may be unsafe. Consider using strtok_s instead. To disable deprecation, use _CRT_SECURE_NO_WARNINGS. See online help for details.
  C:\Program Files (x86)\Windows Kits\10\Include\10.0.10240.0\ucrt\string.h(453): note: see declaration of 'strtok'
src\Dataset_Trainings.cpp(415): warning C4996: 'strtok': This function or variable may be unsafe. Consider using strtok_s instead. To disable deprecation, use _CRT_SECURE_NO_WARNINGS. See online help for details.
  C:\Program Files (x86)\Windows Kits\10\Include\10.0.10240.0\ucrt\string.h(453): note: see declaration of 'strtok'
src\Dataset_Trainings.cpp(416): warning C4996: 'strtok': This function or variable may be unsafe. Consider using strtok_s instead. To disable deprecation, use _CRT_SECURE_NO_WARNINGS. See online help for details.
  C:\Program Files (x86)\Windows Kits\10\Include\10.0.10240.0\ucrt\string.h(453): note: see declaration of 'strtok'
src\Dataset_Trainings.cpp(417): warning C4996: 'strtok': This function or variable may be unsafe. Consider using strtok_s instead. To disable deprecation, use _CRT_SECURE_NO_WARNINGS. See online help for details.
  C:\Program Files (x86)\Windows Kits\10\Include\10.0.10240.0\ucrt\string.h(453): note: see declaration of 'strtok'
src\Dataset_Trainings.cpp(418): warning C4996: 'strtok': This function or variable may be unsafe. Consider using strtok_s instead. To disable deprecation, use _CRT_SECURE_NO_WARNINGS. See online help for details.
  C:\Program Files (x86)\Windows Kits\10\Include\10.0.10240.0\ucrt\string.h(453): note: see declaration of 'strtok'
src\Dataset_Trainings.cpp(419): warning C4996: 'strtok': This function or variable may be unsafe. Consider using strtok_s instead. To disable deprecation, use _CRT_SECURE_NO_WARNINGS. See online help for details.
  C:\Program Files (x86)\Windows Kits\10\Include\10.0.10240.0\ucrt\string.h(453): note: see declaration of 'strtok'
  Main.cpp
e:\rnd\current_projects\musawwir\frameworks\sw\musawwir_sw_vs\object_detector\src\HSG_HIK.h(64): warning C4244: 'initializing': conversion from 'double' to 'float', possible loss of data
src\Main.cpp(17): warning C4305: '=': truncation from 'double' to 'float'
src\Main.cpp(48): warning C4267: '=': conversion from 'size_t' to 'int', possible loss of data
src\Main.cpp(54): warning C4267: '=': conversion from 'size_t' to 'int', possible loss of data
src\Main.cpp(114): warning C4102: 'finish': unreferenced label
src\Main.cpp(153): warning C4005: 'MAX': macro redefinition
  F:\Software\Engg_Software\OCV\install\include\opencv2/core/cvdef.h(416): note: see previous definition of 'MAX'
src\Main.cpp(160): warning C4305: '+=': truncation from 'double' to 'float'
  SVM_interface.cpp
e:\rnd\current_projects\musawwir\frameworks\sw\musawwir_sw_vs\object_detector\src\HSG_HIK.h(64): warning C4244: 'initializing': conversion from 'double' to 'float', possible loss of data
e:\rnd\current_projects\musawwir\frameworks\sw\musawwir_sw_vs\object_detector\src\SVM_Linear_Wts.h(7): warning C4305: 'initializing': truncation from 'double' to 'float'
src\SVM_interface.cpp(77): warning C4267: '=': conversion from 'size_t' to 'int', possible loss of data
src\SVM_interface.cpp(81): warning C4267: '=': conversion from 'size_t' to 'int', possible loss of data
src\SVM_interface.cpp(161): warning C4267: '=': conversion from 'size_t' to 'int', possible loss of data
src\SVM_interface.cpp(164): warning C4244: 'argument': conversion from 'double' to 'const float', possible loss of data
src\SVM_interface.cpp(165): warning C4244: 'argument': conversion from 'double' to 'float', possible loss of data
src\SVM_interface.cpp(174): warning C4267: '=': conversion from 'size_t' to 'int', possible loss of data
src\SVM_interface.cpp(177): warning C4244: 'argument': conversion from 'double' to 'const float', possible loss of data
src\SVM_interface.cpp(178): warning C4244: 'argument': conversion from 'double' to 'float', possible loss of data
src\SVM_interface.cpp(182): warning C4267: '=': conversion from 'size_t' to 'int', possible loss of data
src\SVM_interface.cpp(190): warning C4244: '=': conversion from 'double' to 'float', possible loss of data
src\SVM_interface.cpp(223): warning C4244: '+=': conversion from 'double' to 'float', possible loss of data
src\SVM_interface.cpp(225): warning C4244: '+=': conversion from 'double' to 'float', possible loss of data
src\SVM_interface.cpp(252): warning C4996: 'sprintf': This function or variable may be unsafe. Consider using sprintf_s instead. To disable deprecation, use _CRT_SECURE_NO_WARNINGS. See online help for details.
  C:\Program Files (x86)\Windows Kits\10\Include\10.0.10240.0\ucrt\stdio.h(1769): note: see declaration of 'sprintf'
src\SVM_interface.cpp(264): warning C4996: 'sprintf': This function or variable may be unsafe. Consider using sprintf_s instead. To disable deprecation, use _CRT_SECURE_NO_WARNINGS. See online help for details.
  C:\Program Files (x86)\Windows Kits\10\Include\10.0.10240.0\ucrt\stdio.h(1769): note: see declaration of 'sprintf'
src\SVM_interface.cpp(326): warning C4244: '+=': conversion from 'double' to 'float', possible loss of data
src\SVM_interface.cpp(328): warning C4244: '+=': conversion from 'double' to 'float', possible loss of data
src\SVM_interface.cpp(356): warning C4996: 'sprintf': This function or variable may be unsafe. Consider using sprintf_s instead. To disable deprecation, use _CRT_SECURE_NO_WARNINGS. See online help for details.
  C:\Program Files (x86)\Windows Kits\10\Include\10.0.10240.0\ucrt\stdio.h(1769): note: see declaration of 'sprintf'
src\SVM_interface.cpp(368): warning C4996: 'sprintf': This function or variable may be unsafe. Consider using sprintf_s instead. To disable deprecation, use _CRT_SECURE_NO_WARNINGS. See online help for details.
  C:\Program Files (x86)\Windows Kits\10\Include\10.0.10240.0\ucrt\stdio.h(1769): note: see declaration of 'sprintf'
src\SVM_interface.cpp(392): warning C4244: '+=': conversion from 'double' to 'float', possible loss of data
src\SVM_interface.cpp(396): warning C4244: 'return': conversion from 'double' to 'float', possible loss of data
src\SVM_interface.cpp(506): warning C4996: 'sprintf': This function or variable may be unsafe. Consider using sprintf_s instead. To disable deprecation, use _CRT_SECURE_NO_WARNINGS. See online help for details.
  C:\Program Files (x86)\Windows Kits\10\Include\10.0.10240.0\ucrt\stdio.h(1769): note: see declaration of 'sprintf'
src\SVM_interface.cpp(518): warning C4996: 'sprintf': This function or variable may be unsafe. Consider using sprintf_s instead. To disable deprecation, use _CRT_SECURE_NO_WARNINGS. See online help for details.
  C:\Program Files (x86)\Windows Kits\10\Include\10.0.10240.0\ucrt\stdio.h(1769): note: see declaration of 'sprintf'
src\SVM_interface.cpp(547): warning C4244: '+=': conversion from 'double' to 'float', possible loss of data
src\SVM_interface.cpp(629): warning C4996: 'sprintf': This function or variable may be unsafe. Consider using sprintf_s instead. To disable deprecation, use _CRT_SECURE_NO_WARNINGS. See online help for details.
  C:\Program Files (x86)\Windows Kits\10\Include\10.0.10240.0\ucrt\stdio.h(1769): note: see declaration of 'sprintf'
src\SVM_interface.cpp(647): warning C4996: 'sprintf': This function or variable may be unsafe. Consider using sprintf_s instead. To disable deprecation, use _CRT_SECURE_NO_WARNINGS. See online help for details.
  C:\Program Files (x86)\Windows Kits\10\Include\10.0.10240.0\ucrt\stdio.h(1769): note: see declaration of 'sprintf'
src\SVM_interface.cpp(784): warning C4244: '+=': conversion from 'double' to 'float', possible loss of data
src\SVM_interface.cpp(888): warning C4996: 'strcpy': This function or variable may be unsafe. Consider using strcpy_s instead. To disable deprecation, use _CRT_SECURE_NO_WARNINGS. See online help for details.
  C:\Program Files (x86)\Windows Kits\10\Include\10.0.10240.0\ucrt\string.h(119): note: see declaration of 'strcpy'
src\SVM_interface.cpp(889): warning C4996: 'strcpy': This function or variable may be unsafe. Consider using strcpy_s instead. To disable deprecation, use _CRT_SECURE_NO_WARNINGS. See online help for details.
  C:\Program Files (x86)\Windows Kits\10\Include\10.0.10240.0\ucrt\string.h(119): note: see declaration of 'strcpy'
src\SVM_interface.cpp(917): warning C4996: 'strcpy': This function or variable may be unsafe. Consider using strcpy_s instead. To disable deprecation, use _CRT_SECURE_NO_WARNINGS. See online help for details.
  C:\Program Files (x86)\Windows Kits\10\Include\10.0.10240.0\ucrt\string.h(119): note: see declaration of 'strcpy'
cl : Command line warning D9002: ignoring unknown option '/arch:SSE2'
  svm_common.c
e:\rnd\current_projects\musawwir\frameworks\sw\musawwir_sw_vs\object_detector\svm_light\kernel.h(40): warning C4101: 'x': unreferenced local variable
e:\rnd\current_projects\musawwir\frameworks\sw\musawwir_sw_vs\object_detector\svm_light\kernel.h(43): warning C4101: 'temp': unreferenced local variable
svm_light\svm_common.c(394): warning C4244: '*=': conversion from 'double' to 'float', possible loss of data
svm_light\svm_common.c(528): warning C4996: 'fopen': This function or variable may be unsafe. Consider using fopen_s instead. To disable deprecation, use _CRT_SECURE_NO_WARNINGS. See online help for details.
  C:\Program Files (x86)\Windows Kits\10\Include\10.0.10240.0\ucrt\stdio.h(205): note: see declaration of 'fopen'
svm_light\svm_common.c(597): warning C4996: 'fopen': This function or variable may be unsafe. Consider using fopen_s instead. To disable deprecation, use _CRT_SECURE_NO_WARNINGS. See online help for details.
  C:\Program Files (x86)\Windows Kits\10\Include\10.0.10240.0\ucrt\stdio.h(205): note: see declaration of 'fopen'
svm_light\svm_common.c(600): warning C4996: 'fscanf': This function or variable may be unsafe. Consider using fscanf_s instead. To disable deprecation, use _CRT_SECURE_NO_WARNINGS. See online help for details.
  C:\Program Files (x86)\Windows Kits\10\Include\10.0.10240.0\ucrt\stdio.h(1193): note: see declaration of 'fscanf'
svm_light\svm_common.c(605): warning C4996: 'fscanf': This function or variable may be unsafe. Consider using fscanf_s instead. To disable deprecation, use _CRT_SECURE_NO_WARNINGS. See online help for details.
  C:\Program Files (x86)\Windows Kits\10\Include\10.0.10240.0\ucrt\stdio.h(1193): note: see declaration of 'fscanf'
svm_light\svm_common.c(606): warning C4996: 'fscanf': This function or variable may be unsafe. Consider using fscanf_s instead. To disable deprecation, use _CRT_SECURE_NO_WARNINGS. See online help for details.
  C:\Program Files (x86)\Windows Kits\10\Include\10.0.10240.0\ucrt\stdio.h(1193): note: see declaration of 'fscanf'
svm_light\svm_common.c(607): warning C4996: 'fscanf': This function or variable may be unsafe. Consider using fscanf_s instead. To disable deprecation, use _CRT_SECURE_NO_WARNINGS. See online help for details.
  C:\Program Files (x86)\Windows Kits\10\Include\10.0.10240.0\ucrt\stdio.h(1193): note: see declaration of 'fscanf'
svm_light\svm_common.c(608): warning C4996: 'fscanf': This function or variable may be unsafe. Consider using fscanf_s instead. To disable deprecation, use _CRT_SECURE_NO_WARNINGS. See online help for details.
  C:\Program Files (x86)\Windows Kits\10\Include\10.0.10240.0\ucrt\stdio.h(1193): note: see declaration of 'fscanf'
svm_light\svm_common.c(609): warning C4996: 'fscanf': This function or variable may be unsafe. Consider using fscanf_s instead. To disable deprecation, use _CRT_SECURE_NO_WARNINGS. See online help for details.
  C:\Program Files (x86)\Windows Kits\10\Include\10.0.10240.0\ucrt\stdio.h(1193): note: see declaration of 'fscanf'
svm_light\svm_common.c(610): warning C4996: 'fscanf': This function or variable may be unsafe. Consider using fscanf_s instead. To disable deprecation, use _CRT_SECURE_NO_WARNINGS. See online help for details.
  C:\Program Files (x86)\Windows Kits\10\Include\10.0.10240.0\ucrt\stdio.h(1193): note: see declaration of 'fscanf'
svm_light\svm_common.c(612): warning C4996: 'fscanf': This function or variable may be unsafe. Consider using fscanf_s instead. To disable deprecation, use _CRT_SECURE_NO_WARNINGS. See online help for details.
  C:\Program Files (x86)\Windows Kits\10\Include\10.0.10240.0\ucrt\stdio.h(1193): note: see declaration of 'fscanf'
svm_light\svm_common.c(613): warning C4996: 'fscanf': This function or variable may be unsafe. Consider using fscanf_s instead. To disable deprecation, use _CRT_SECURE_NO_WARNINGS. See online help for details.
  C:\Program Files (x86)\Windows Kits\10\Include\10.0.10240.0\ucrt\stdio.h(1193): note: see declaration of 'fscanf'
svm_light\svm_common.c(614): warning C4996: 'fscanf': This function or variable may be unsafe. Consider using fscanf_s instead. To disable deprecation, use _CRT_SECURE_NO_WARNINGS. See online help for details.
  C:\Program Files (x86)\Windows Kits\10\Include\10.0.10240.0\ucrt\stdio.h(1193): note: see declaration of 'fscanf'
svm_light\svm_common.c(615): warning C4996: 'fscanf': This function or variable may be unsafe. Consider using fscanf_s instead. To disable deprecation, use _CRT_SECURE_NO_WARNINGS. See online help for details.
  C:\Program Files (x86)\Windows Kits\10\Include\10.0.10240.0\ucrt\stdio.h(1193): note: see declaration of 'fscanf'
svm_light\svm_common.c(715): warning C4996: 'fopen': This function or variable may be unsafe. Consider using fopen_s instead. To disable deprecation, use _CRT_SECURE_NO_WARNINGS. See online help for details.
  C:\Program Files (x86)\Windows Kits\10\Include\10.0.10240.0\ucrt\stdio.h(205): note: see declaration of 'fopen'
svm_light\svm_common.c(796): warning C4996: 'sscanf': This function or variable may be unsafe. Consider using sscanf_s instead. To disable deprecation, use _CRT_SECURE_NO_WARNINGS. See online help for details.
  C:\Program Files (x86)\Windows Kits\10\Include\10.0.10240.0\ucrt\stdio.h(2254): note: see declaration of 'sscanf'
svm_light\svm_common.c(805): warning C4996: 'sscanf': This function or variable may be unsafe. Consider using sscanf_s instead. To disable deprecation, use _CRT_SECURE_NO_WARNINGS. See online help for details.
  C:\Program Files (x86)\Windows Kits\10\Include\10.0.10240.0\ucrt\stdio.h(2254): note: see declaration of 'sscanf'
svm_light\svm_common.c(809): warning C4996: 'sscanf': This function or variable may be unsafe. Consider using sscanf_s instead. To disable deprecation, use _CRT_SECURE_NO_WARNINGS. See online help for details.
  C:\Program Files (x86)\Windows Kits\10\Include\10.0.10240.0\ucrt\stdio.h(2254): note: see declaration of 'sscanf'
svm_light\svm_common.c(815): warning C4996: 'sscanf': This function or variable may be unsafe. Consider using sscanf_s instead. To disable deprecation, use _CRT_SECURE_NO_WARNINGS. See online help for details.
  C:\Program Files (x86)\Windows Kits\10\Include\10.0.10240.0\ucrt\stdio.h(2254): note: see declaration of 'sscanf'
svm_light\svm_common.c(819): warning C4996: 'sscanf': This function or variable may be unsafe. Consider using sscanf_s instead. To disable deprecation, use _CRT_SECURE_NO_WARNINGS. See online help for details.
  C:\Program Files (x86)\Windows Kits\10\Include\10.0.10240.0\ucrt\stdio.h(2254): note: see declaration of 'sscanf'
svm_light\svm_common.c(829): warning C4996: 'sscanf': This function or variable may be unsafe. Consider using sscanf_s instead. To disable deprecation, use _CRT_SECURE_NO_WARNINGS. See online help for details.
  C:\Program Files (x86)\Windows Kits\10\Include\10.0.10240.0\ucrt\stdio.h(2254): note: see declaration of 'sscanf'
svm_light\svm_common.c(833): warning C4996: 'sscanf': This function or variable may be unsafe. Consider using sscanf_s instead. To disable deprecation, use _CRT_SECURE_NO_WARNINGS. See online help for details.
  C:\Program Files (x86)\Windows Kits\10\Include\10.0.10240.0\ucrt\stdio.h(2254): note: see declaration of 'sscanf'
svm_light\svm_common.c(868): warning C4996: 'fopen': This function or variable may be unsafe. Consider using fopen_s instead. To disable deprecation, use _CRT_SECURE_NO_WARNINGS. See online help for details.
  C:\Program Files (x86)\Windows Kits\10\Include\10.0.10240.0\ucrt\stdio.h(205): note: see declaration of 'fopen'
svm_light\svm_common.c(876): warning C4996: 'fscanf': This function or variable may be unsafe. Consider using fscanf_s instead. To disable deprecation, use _CRT_SECURE_NO_WARNINGS. See online help for details.
  C:\Program Files (x86)\Windows Kits\10\Include\10.0.10240.0\ucrt\stdio.h(1193): note: see declaration of 'fscanf'
svm_light\svm_common.c(899): warning C4996: 'fopen': This function or variable may be unsafe. Consider using fopen_s instead. To disable deprecation, use _CRT_SECURE_NO_WARNINGS. See online help for details.
  C:\Program Files (x86)\Windows Kits\10\Include\10.0.10240.0\ucrt\stdio.h(205): note: see declaration of 'fopen'
svm_light\svm_common.c(973): warning C4477: 'printf' : format string '%d' requires an argument of type 'int', but variadic argument 1 has type 'size_t'
  svm_light\svm_common.c(973): note: consider using '%zd' in the format string
  svm_hideo.c
  svm_learn.c
svm_light\svm_learn.c(3490): warning C4244: '=': conversion from 'double' to 'float', possible loss of data
svm_light\svm_learn.c(3847): warning C4244: '=': conversion from 'double' to 'float', possible loss of data
svm_light\svm_learn.c(3897): warning C4244: '=': conversion from 'double' to 'float', possible loss of data
svm_light\svm_learn.c(4104): warning C4996: 'fopen': This function or variable may be unsafe. Consider using fopen_s instead. To disable deprecation, use _CRT_SECURE_NO_WARNINGS. See online help for details.
  C:\Program Files (x86)\Windows Kits\10\Include\10.0.10240.0\ucrt\stdio.h(205): note: see declaration of 'fopen'
svm_light\svm_learn.c(4143): warning C4996: 'fopen': This function or variable may be unsafe. Consider using fopen_s instead. To disable deprecation, use _CRT_SECURE_NO_WARNINGS. See online help for details.
  C:\Program Files (x86)\Windows Kits\10\Include\10.0.10240.0\ucrt\stdio.h(205): note: see declaration of 'fopen'
  Generating code
  All 1541 functions were compiled because no usable IPDB/IOBJ from previous compilation was found.
  Finished generating code
  Object_Detector.vcxproj -> E:\RnD\Current_Projects\Musawwir\Frameworks\SW\Musawwir_SW_VS\x64\Release\Object_Detector.exe
